#
# A fatal error has been detected by the Java Runtime Environment:
#
#  EXCEPTION_ACCESS_VIOLATION (0xc0000005) at pc=0x0000000010014ed4, pid=584, tid=14104
#
# JRE version: Java(TM) SE Runtime Environment (19.0.2+7) (build 19.0.2+7-44)
# Java VM: Java HotSpot(TM) 64-Bit Server VM (19.0.2+7-44, mixed mode, sharing, tiered, compressed oops, compressed class ptrs, g1 gc, windows-amd64)
# Problematic frame:
# C  [sigar-amd64-winnt.dll+0x14ed4]
#
# No core dump will be written. Minidumps are not enabled by default on client versions of Windows
#
# If you would like to submit a bug report, please visit:
#   https://bugreport.java.com/bugreport/crash.jsp
# The crash happened outside the Java Virtual Machine in native code.
# See problematic frame for where to report the bug.
#

---------------  S U M M A R Y ------------

Command Line: -javaagent:C:\Users\troid\AppData\Local\JetBrains\IntelliJ IDEA Community Edition 2023.2.2\lib\idea_rt.jar=62030:C:\Users\troid\AppData\Local\JetBrains\IntelliJ IDEA Community Edition 2023.2.2\bin -Dfile.encoding=UTF-8 -Dsun.stdout.encoding=UTF-8 -Dsun.stderr.encoding=UTF-8 SystemResourceMonitor

Host: Intel(R) Core(TM) i5-1035G4 CPU @ 1.10GHz, 8 cores, 7G,  Windows 10 , 64 bit Build 19041 (10.0.19041.3636)
Time: Sat Nov 25 06:31:10 2023 Eastern Standard Time elapsed time: 0.626017 seconds (0d 0h 0m 0s)

---------------  T H R E A D  ---------------

Current thread (0x00000286d7d5bf80):  JavaThread "Thread-0" [_thread_in_native, id=14104, stack(0x000000cd41700000,0x000000cd41800000)]

Stack: [0x000000cd41700000,0x000000cd41800000],  sp=0x000000cd417fed10,  free space=1019k
Native frames: (J=compiled Java code, j=interpreted, Vv=VM code, C=native code)
C  [sigar-amd64-winnt.dll+0x14ed4]

Java frames: (J=compiled Java code, j=interpreted, Vv=VM code)
j  org.hyperic.sigar.Cpu.gather(Lorg/hyperic/sigar/Sigar;)V+0
j  org.hyperic.sigar.Cpu.fetch(Lorg/hyperic/sigar/Sigar;)Lorg/hyperic/sigar/Cpu;+10
j  org.hyperic.sigar.Sigar.getCpu()Lorg/hyperic/sigar/Cpu;+1
j  org.hyperic.sigar.Sigar.getCpuPerc()Lorg/hyperic/sigar/CpuPerc;+8
j  SystemResourceMonitor.updateData()V+4
j  SystemResourceMonitor.lambda$createChart$0()V+1
j  SystemResourceMonitor$$Lambda$158+0x00000008010ea3e8.run()V+4
j  java.lang.Thread.run()V+13 java.base@19.0.2
v  ~StubRoutines::call_stub 0x00000286c42510e8

siginfo: EXCEPTION_ACCESS_VIOLATION (0xc0000005), reading address 0xffffffffd33b0d88


Registers:
RAX=0xffffffffd33b0c50, RBX=0x00000286d3aead58, RCX=0x00000286d7d5c260, RDX=0x000000cd417feee0
RSP=0x000000cd417fed10, RBP=0x000000cd417feec0, RSI=0x000000cd417ff610, RDI=0x000000cd417ff618
R8 =0x0000000000000032, R9 =0x000000008d860eb8, R10=0x00007ff98ce56230, R11=0x0000000000000000
R12=0x0000000000000000, R13=0x00000286d3aead50, R14=0x000000cd417feee8, R15=0x00000286d7d5bf80
RIP=0x0000000010014ed4, EFLAGS=0x0000000000010286


Register to memory mapping:

RIP=0x0000000010014ed4 sigar-amd64-winnt.dll
RAX=0xffffffffd33b0c50 is an unknown value
RBX={method} {0x00000286d3aead60} 'gather' '(Lorg/hyperic/sigar/Sigar;)V' in 'org/hyperic/sigar/Cpu'
RCX=0x00000286d7d5c260 points into unknown readable memory: 0x00007ff98cdbf9a0 | a0 f9 db 8c f9 7f 00 00
RDX=0x000000cd417feee0 is pointing into the stack for thread: 0x00000286d7d5bf80
RSP=0x000000cd417fed10 is pointing into the stack for thread: 0x00000286d7d5bf80
RBP=0x000000cd417feec0 is pointing into the stack for thread: 0x00000286d7d5bf80
RSI=0x000000cd417ff610 is pointing into the stack for thread: 0x00000286d7d5bf80
RDI=0x000000cd417ff618 is pointing into the stack for thread: 0x00000286d7d5bf80
R8 =0x0000000000000032 is an unknown value
R9 =0x000000008d860eb8 is an oop: org.hyperic.sigar.Sigar 
{0x000000008d860eb8} - klass: 'org/hyperic/sigar/Sigar'
 - ---- fields (total size 6 words):
 - 'sigarWrapper' 'I' @12  -751104944 (d33b0c50)
 - 'longSigarWrapper' 'J' @16  0 (0 0)
 - private 'open' 'Z' @24  true
 - private 'mounts' 'Lorg/hyperic/sigar/FileSystemMap;' @28  NULL (0)
 - private 'lastCpu' 'Lorg/hyperic/sigar/Cpu;' @32  NULL (0)
 - private 'lastCpuList' '[Lorg/hyperic/sigar/Cpu;' @36  NULL (0)
 - private 'processFinder' 'Lorg/hyperic/sigar/ptql/ProcessFinder;' @40  NULL (0)
R10=0x00007ff98ce56230 jvm.dll
R11=0x0 is NULL
R12=0x0 is NULL
R13=0x00000286d3aead50 is pointing into metadata
R14=0x000000cd417feee8 is pointing into the stack for thread: 0x00000286d7d5bf80
R15=0x00000286d7d5bf80 is a thread


Top of Stack: (sp=0x000000cd417fed10)
0x000000cd417fed10:   00000286d7d5c260 000000cd417feee0
0x000000cd417fed20:   00000286d7d5bf80 0000000000000000
0x000000cd417fed30:   ffffffffd33b0c50 00007ff98c8f36fc
0x000000cd417fed40:   000000cd417ff618 0000000010018291
0x000000cd417fed50:   00000286d7d5c260 000000cd417feee0
0x000000cd417fed60:   0000000000000007 00007ff98c82bb00
0x000000cd417fed70:   00000286d7d5bf80 000000cd417ff618
0x000000cd417fed80:   0000c46ee8570277 00007ff98c904c39
0x000000cd417fed90:   00000286d7d5bf80 000000cd417feee8
0x000000cd417feda0:   0000000000000000 000000cd417ff618
0x000000cd417fedb0:   000000cd417ff618 00000286d3aead50
0x000000cd417fedc0:   000000cd417feec0 00000286d7a65528
0x000000cd417fedd0:   3ff0000000000000 000000000000019c
0x000000cd417fede0:   00000286d7d5bf80 00000286d7d5bf80
0x000000cd417fedf0:   00000286d3aead58 00000286d7d5bf80
0x000000cd417fee00:   000000cd417ff618 00000286c426f8cf 

Instructions: (pc=0x0000000010014ed4)
0x0000000010014dd4:   8b 04 c1 48 8d 15 12 58 04 00 48 8b 4c 24 20 e8
0x0000000010014de4:   c8 1e 02 00 48 83 c4 38 c3 cc cc cc 48 89 54 24
0x0000000010014df4:   10 48 89 4c 24 08 b8 02 00 01 00 c3 cc cc cc cc
0x0000000010014e04:   cc cc cc cc cc cc cc cc cc cc cc cc 48 89 54 24
0x0000000010014e14:   10 48 89 4c 24 08 c3 cc cc cc cc cc cc cc cc cc
0x0000000010014e24:   cc cc cc cc cc cc cc cc cc cc cc cc 48 89 54 24
0x0000000010014e34:   10 48 89 4c 24 08 48 83 ec 38 48 8b 54 24 48 48
0x0000000010014e44:   8b 4c 24 40 e8 43 00 00 00 48 89 44 24 28 48 83
0x0000000010014e54:   7c 24 28 00 75 04 33 c0 eb 24 48 8b 44 24 28 48
0x0000000010014e64:   8b 40 10 48 89 44 24 20 48 8b 44 24 28 48 8b 4c
0x0000000010014e74:   24 40 48 89 08 48 8b 44 24 28 48 8b 40 10 48 83
0x0000000010014e84:   c4 38 c3 cc cc cc cc cc cc cc cc cc 48 89 54 24
0x0000000010014e94:   10 48 89 4c 24 08 48 83 ec 38 48 8b 54 24 48 48
0x0000000010014ea4:   8b 4c 24 40 e8 73 02 00 00 48 89 44 24 20 48 83
0x0000000010014eb4:   7c 24 20 00 75 15 48 8d 15 df 58 04 00 48 8b 4c
0x0000000010014ec4:   24 40 e8 45 00 00 00 33 c0 eb 32 48 8b 44 24 20
0x0000000010014ed4:   83 b8 38 01 00 00 00 74 1f 48 8b 44 24 20 44 8b
0x0000000010014ee4:   80 38 01 00 00 48 8b 54 24 20 48 8b 4c 24 40 e8
0x0000000010014ef4:   68 00 00 00 33 c0 eb 05 48 8b 44 24 20 48 83 c4
0x0000000010014f04:   38 c3 cc cc cc cc cc cc cc cc cc cc 48 89 54 24
0x0000000010014f14:   10 48 89 4c 24 08 48 83 ec 38 48 8b 44 24 40 48
0x0000000010014f24:   8b 00 48 8d 15 d3 56 04 00 48 8b 4c 24 40 ff 50
0x0000000010014f34:   30 48 89 44 24 20 48 8b 44 24 40 48 8b 00 4c 8b
0x0000000010014f44:   44 24 48 48 8b 54 24 20 48 8b 4c 24 40 ff 50 70
0x0000000010014f54:   48 83 c4 38 c3 cc cc cc cc cc cc cc 44 89 44 24
0x0000000010014f64:   18 48 89 54 24 10 48 89 4c 24 08 48 83 ec 58 8b
0x0000000010014f74:   44 24 70 89 44 24 28 81 7c 24 28 40 9c 00 00 7e
0x0000000010014f84:   0d 8b 44 24 28 2d 40 9c 00 00 89 44 24 28 8b 44
0x0000000010014f94:   24 28 89 44 24 40 83 7c 24 40 02 74 16 83 7c 24
0x0000000010014fa4:   40 05 74 30 81 7c 24 40 21 4e 00 00 74 47 e9 00
0x0000000010014fb4:   01 00 00 48 8b 44 24 60 48 8b 00 48 8d 15 c2 56
0x0000000010014fc4:   04 00 48 8b 4c 24 60 ff 50 30 48 89 44 24 20 e9 


Stack slot to memory mapping:
stack at sp + 0 slots: 0x00000286d7d5c260 points into unknown readable memory: 0x00007ff98cdbf9a0 | a0 f9 db 8c f9 7f 00 00
stack at sp + 1 slots: 0x000000cd417feee0 is pointing into the stack for thread: 0x00000286d7d5bf80
stack at sp + 2 slots: 0x00000286d7d5bf80 is a thread
stack at sp + 3 slots: 0x0 is NULL
stack at sp + 4 slots: 0xffffffffd33b0c50 is an unknown value
stack at sp + 5 slots: 0x00007ff98c8f36fc jvm.dll
stack at sp + 6 slots: 0x000000cd417ff618 is pointing into the stack for thread: 0x00000286d7d5bf80
stack at sp + 7 slots: 0x0000000010018291 sigar-amd64-winnt.dll


---------------  P R O C E S S  ---------------

Threads class SMR info:
_java_thread_list=0x00000286d7bcd300, length=19, elements={
0x00000286d32b7ff0, 0x00000286d32ba1a0, 0x00000286d32bd450, 0x00000286d32be370,
0x00000286d32c0940, 0x00000286d32c33c0, 0x00000286d32d2460, 0x00000286d32fab40,
0x00000286d32c3e60, 0x00000286d32c3910, 0x00000286d32c23d0, 0x00000286d32c0e90,
0x00000286d32c1930, 0x00000286d32c1e80, 0x00000286d32c2920, 0x00000286d32c2e70,
0x00000286d32c13e0, 0x00000286d7b73b90, 0x00000286d7d5bf80
}

Java Threads: ( => current thread )
  0x00000286d32b7ff0 JavaThread "Reference Handler" daemon [_thread_blocked, id=9628, stack(0x000000cd40500000,0x000000cd40600000)]
  0x00000286d32ba1a0 JavaThread "Finalizer" daemon [_thread_blocked, id=10180, stack(0x000000cd40600000,0x000000cd40700000)]
  0x00000286d32bd450 JavaThread "Signal Dispatcher" daemon [_thread_blocked, id=11616, stack(0x000000cd40700000,0x000000cd40800000)]
  0x00000286d32be370 JavaThread "Attach Listener" daemon [_thread_blocked, id=11668, stack(0x000000cd40800000,0x000000cd40900000)]
  0x00000286d32c0940 JavaThread "Service Thread" daemon [_thread_blocked, id=13976, stack(0x000000cd40900000,0x000000cd40a00000)]
  0x00000286d32c33c0 JavaThread "Monitor Deflation Thread" daemon [_thread_blocked, id=6432, stack(0x000000cd40a00000,0x000000cd40b00000)]
  0x00000286d32d2460 JavaThread "C2 CompilerThread0" daemon [_thread_blocked, id=5580, stack(0x000000cd40b00000,0x000000cd40c00000)]
  0x00000286d32fab40 JavaThread "C1 CompilerThread0" daemon [_thread_blocked, id=15884, stack(0x000000cd40c00000,0x000000cd40d00000)]
  0x00000286d32c3e60 JavaThread "Sweeper thread" daemon [_thread_blocked, id=16568, stack(0x000000cd40d00000,0x000000cd40e00000)]
  0x00000286d32c3910 JavaThread "Common-Cleaner" daemon [_thread_blocked, id=17752, stack(0x000000cd40e00000,0x000000cd40f00000)]
  0x00000286d32c23d0 JavaThread "Monitor Ctrl-Break" daemon [_thread_in_native, id=11516, stack(0x000000cd40f00000,0x000000cd41000000)]
  0x00000286d32c0e90 JavaThread "Notification Thread" daemon [_thread_blocked, id=12024, stack(0x000000cd41000000,0x000000cd41100000)]
  0x00000286d32c1930 JavaThread "Java2D Disposer" daemon [_thread_blocked, id=5632, stack(0x000000cd41200000,0x000000cd41300000)]
  0x00000286d32c1e80 JavaThread "AWT-Shutdown" [_thread_blocked, id=2264, stack(0x000000cd41300000,0x000000cd41400000)]
  0x00000286d32c2920 JavaThread "AWT-Windows" daemon [_thread_in_native, id=5804, stack(0x000000cd41400000,0x000000cd41500000)]
  0x00000286d32c2e70 JavaThread "AWT-EventQueue-0" [_thread_in_vm, id=7052, stack(0x000000cd41500000,0x000000cd41600000)]
  0x00000286d32c13e0 JavaThread "DestroyJavaVM" [_thread_blocked, id=18372, stack(0x000000cd3fe00000,0x000000cd3ff00000)]
  0x00000286d7b73b90 JavaThread "C2 CompilerThread1" daemon [_thread_blocked, id=7224, stack(0x000000cd41600000,0x000000cd41700000)]
=>0x00000286d7d5bf80 JavaThread "Thread-0" [_thread_in_native, id=14104, stack(0x000000cd41700000,0x000000cd41800000)]

Other Threads:
  0x00000286d32a0d90 VMThread "VM Thread" [stack: 0x000000cd40400000,0x000000cd40500000] [id=4400]
  0x00000286d779c530 WatcherThread "VM Periodic Task Thread" [stack: 0x000000cd41100000,0x000000cd41200000] [id=11392]
  0x00000286b4e0b990 WorkerThread "GC Thread#0" [stack: 0x000000cd3ff00000,0x000000cd40000000] [id=10904]
  0x00000286b4e1ccf0 ConcurrentGCThread "G1 Main Marker" [stack: 0x000000cd40000000,0x000000cd40100000] [id=9812]
  0x00000286b4e1ddd0 WorkerThread "G1 Conc#0" [stack: 0x000000cd40100000,0x000000cd40200000] [id=2588]
  0x00000286d31554e0 ConcurrentGCThread "G1 Refine#0" [stack: 0x000000cd40200000,0x000000cd40300000] [id=15096]
  0x00000286d3157e40 ConcurrentGCThread "G1 Service" [stack: 0x000000cd40300000,0x000000cd40400000] [id=15524]

Threads with active compile tasks:

VM state: not at safepoint (normal execution)

VM Mutex/Monitor currently owned by a thread: None

Heap address: 0x0000000086600000, size: 1946 MB, Compressed Oops mode: 32-bit

CDS archive(s) mapped at: [0x0000000800000000-0x0000000800c40000-0x0000000800c40000), size 12845056, SharedBaseAddress: 0x0000000800000000, ArchiveRelocationMode: 0.
Compressed class space mapped at: 0x0000000801000000-0x0000000841000000, reserved size: 1073741824
Narrow klass base: 0x0000000800000000, Narrow klass shift: 0, Narrow klass range: 0x100000000

GC Precious Log:
 CardTable entry size: 512
 Card Set container configuration: InlinePtr #cards 5 size 8 Array Of Cards #cards 12 size 40 Howl #buckets 4 coarsen threshold 1843 Howl Bitmap #cards 512 size 80 coarsen threshold 460 Card regions per heap region 1 cards per card region 2048
 CPUs: 8 total, 8 available
 Memory: 7778M
 Large Page Support: Disabled
 NUMA Support: Disabled
 Compressed Oops: Enabled (32-bit)
 Heap Region Size: 1M
 Heap Min Capacity: 8M
 Heap Initial Capacity: 122M
 Heap Max Capacity: 1946M
 Pre-touch: Disabled
 Parallel Workers: 8
 Concurrent Workers: 2
 Concurrent Refinement Workers: 8
 Periodic GC: Disabled

Heap:
 garbage-first heap   total 124928K, used 13312K [0x0000000086600000, 0x0000000100000000)
  region size 1024K, 15 young (15360K), 0 survivors (0K)
 Metaspace       used 9048K, committed 9216K, reserved 1114112K
  class space    used 911K, committed 1024K, reserved 1048576K

Heap Regions: E=young(eden), S=young(survivor), O=old, HS=humongous(starts), HC=humongous(continues), CS=collection set, F=free, OA=open archive, CA=closed archive, TAMS=top-at-mark-start (previous, next)
|   0|0x0000000086600000, 0x0000000086600000, 0x0000000086700000|  0%| F|  |TAMS 0x0000000086600000, 0x0000000086600000| Untracked 
|   1|0x0000000086700000, 0x0000000086700000, 0x0000000086800000|  0%| F|  |TAMS 0x0000000086700000, 0x0000000086700000| Untracked 
|   2|0x0000000086800000, 0x0000000086800000, 0x0000000086900000|  0%| F|  |TAMS 0x0000000086800000, 0x0000000086800000| Untracked 
|   3|0x0000000086900000, 0x0000000086900000, 0x0000000086a00000|  0%| F|  |TAMS 0x0000000086900000, 0x0000000086900000| Untracked 
|   4|0x0000000086a00000, 0x0000000086a00000, 0x0000000086b00000|  0%| F|  |TAMS 0x0000000086a00000, 0x0000000086a00000| Untracked 
|   5|0x0000000086b00000, 0x0000000086b00000, 0x0000000086c00000|  0%| F|  |TAMS 0x0000000086b00000, 0x0000000086b00000| Untracked 
|   6|0x0000000086c00000, 0x0000000086c00000, 0x0000000086d00000|  0%| F|  |TAMS 0x0000000086c00000, 0x0000000086c00000| Untracked 
|   7|0x0000000086d00000, 0x0000000086d00000, 0x0000000086e00000|  0%| F|  |TAMS 0x0000000086d00000, 0x0000000086d00000| Untracked 
|   8|0x0000000086e00000, 0x0000000086e00000, 0x0000000086f00000|  0%| F|  |TAMS 0x0000000086e00000, 0x0000000086e00000| Untracked 
|   9|0x0000000086f00000, 0x0000000086f00000, 0x0000000087000000|  0%| F|  |TAMS 0x0000000086f00000, 0x0000000086f00000| Untracked 
|  10|0x0000000087000000, 0x0000000087000000, 0x0000000087100000|  0%| F|  |TAMS 0x0000000087000000, 0x0000000087000000| Untracked 
|  11|0x0000000087100000, 0x0000000087100000, 0x0000000087200000|  0%| F|  |TAMS 0x0000000087100000, 0x0000000087100000| Untracked 
|  12|0x0000000087200000, 0x0000000087200000, 0x0000000087300000|  0%| F|  |TAMS 0x0000000087200000, 0x0000000087200000| Untracked 
|  13|0x0000000087300000, 0x0000000087300000, 0x0000000087400000|  0%| F|  |TAMS 0x0000000087300000, 0x0000000087300000| Untracked 
|  14|0x0000000087400000, 0x0000000087400000, 0x0000000087500000|  0%| F|  |TAMS 0x0000000087400000, 0x0000000087400000| Untracked 
|  15|0x0000000087500000, 0x0000000087500000, 0x0000000087600000|  0%| F|  |TAMS 0x0000000087500000, 0x0000000087500000| Untracked 
|  16|0x0000000087600000, 0x0000000087600000, 0x0000000087700000|  0%| F|  |TAMS 0x0000000087600000, 0x0000000087600000| Untracked 
|  17|0x0000000087700000, 0x0000000087700000, 0x0000000087800000|  0%| F|  |TAMS 0x0000000087700000, 0x0000000087700000| Untracked 
|  18|0x0000000087800000, 0x0000000087800000, 0x0000000087900000|  0%| F|  |TAMS 0x0000000087800000, 0x0000000087800000| Untracked 
|  19|0x0000000087900000, 0x0000000087900000, 0x0000000087a00000|  0%| F|  |TAMS 0x0000000087900000, 0x0000000087900000| Untracked 
|  20|0x0000000087a00000, 0x0000000087a00000, 0x0000000087b00000|  0%| F|  |TAMS 0x0000000087a00000, 0x0000000087a00000| Untracked 
|  21|0x0000000087b00000, 0x0000000087b00000, 0x0000000087c00000|  0%| F|  |TAMS 0x0000000087b00000, 0x0000000087b00000| Untracked 
|  22|0x0000000087c00000, 0x0000000087c00000, 0x0000000087d00000|  0%| F|  |TAMS 0x0000000087c00000, 0x0000000087c00000| Untracked 
|  23|0x0000000087d00000, 0x0000000087d00000, 0x0000000087e00000|  0%| F|  |TAMS 0x0000000087d00000, 0x0000000087d00000| Untracked 
|  24|0x0000000087e00000, 0x0000000087e00000, 0x0000000087f00000|  0%| F|  |TAMS 0x0000000087e00000, 0x0000000087e00000| Untracked 
|  25|0x0000000087f00000, 0x0000000087f00000, 0x0000000088000000|  0%| F|  |TAMS 0x0000000087f00000, 0x0000000087f00000| Untracked 
|  26|0x0000000088000000, 0x0000000088000000, 0x0000000088100000|  0%| F|  |TAMS 0x0000000088000000, 0x0000000088000000| Untracked 
|  27|0x0000000088100000, 0x0000000088100000, 0x0000000088200000|  0%| F|  |TAMS 0x0000000088100000, 0x0000000088100000| Untracked 
|  28|0x0000000088200000, 0x0000000088200000, 0x0000000088300000|  0%| F|  |TAMS 0x0000000088200000, 0x0000000088200000| Untracked 
|  29|0x0000000088300000, 0x0000000088300000, 0x0000000088400000|  0%| F|  |TAMS 0x0000000088300000, 0x0000000088300000| Untracked 
|  30|0x0000000088400000, 0x0000000088400000, 0x0000000088500000|  0%| F|  |TAMS 0x0000000088400000, 0x0000000088400000| Untracked 
|  31|0x0000000088500000, 0x0000000088500000, 0x0000000088600000|  0%| F|  |TAMS 0x0000000088500000, 0x0000000088500000| Untracked 
|  32|0x0000000088600000, 0x0000000088600000, 0x0000000088700000|  0%| F|  |TAMS 0x0000000088600000, 0x0000000088600000| Untracked 
|  33|0x0000000088700000, 0x0000000088700000, 0x0000000088800000|  0%| F|  |TAMS 0x0000000088700000, 0x0000000088700000| Untracked 
|  34|0x0000000088800000, 0x0000000088800000, 0x0000000088900000|  0%| F|  |TAMS 0x0000000088800000, 0x0000000088800000| Untracked 
|  35|0x0000000088900000, 0x0000000088900000, 0x0000000088a00000|  0%| F|  |TAMS 0x0000000088900000, 0x0000000088900000| Untracked 
|  36|0x0000000088a00000, 0x0000000088a00000, 0x0000000088b00000|  0%| F|  |TAMS 0x0000000088a00000, 0x0000000088a00000| Untracked 
|  37|0x0000000088b00000, 0x0000000088b00000, 0x0000000088c00000|  0%| F|  |TAMS 0x0000000088b00000, 0x0000000088b00000| Untracked 
|  38|0x0000000088c00000, 0x0000000088c00000, 0x0000000088d00000|  0%| F|  |TAMS 0x0000000088c00000, 0x0000000088c00000| Untracked 
|  39|0x0000000088d00000, 0x0000000088d00000, 0x0000000088e00000|  0%| F|  |TAMS 0x0000000088d00000, 0x0000000088d00000| Untracked 
|  40|0x0000000088e00000, 0x0000000088e00000, 0x0000000088f00000|  0%| F|  |TAMS 0x0000000088e00000, 0x0000000088e00000| Untracked 
|  41|0x0000000088f00000, 0x0000000088f00000, 0x0000000089000000|  0%| F|  |TAMS 0x0000000088f00000, 0x0000000088f00000| Untracked 
|  42|0x0000000089000000, 0x0000000089000000, 0x0000000089100000|  0%| F|  |TAMS 0x0000000089000000, 0x0000000089000000| Untracked 
|  43|0x0000000089100000, 0x0000000089100000, 0x0000000089200000|  0%| F|  |TAMS 0x0000000089100000, 0x0000000089100000| Untracked 
|  44|0x0000000089200000, 0x0000000089200000, 0x0000000089300000|  0%| F|  |TAMS 0x0000000089200000, 0x0000000089200000| Untracked 
|  45|0x0000000089300000, 0x0000000089300000, 0x0000000089400000|  0%| F|  |TAMS 0x0000000089300000, 0x0000000089300000| Untracked 
|  46|0x0000000089400000, 0x0000000089400000, 0x0000000089500000|  0%| F|  |TAMS 0x0000000089400000, 0x0000000089400000| Untracked 
|  47|0x0000000089500000, 0x0000000089500000, 0x0000000089600000|  0%| F|  |TAMS 0x0000000089500000, 0x0000000089500000| Untracked 
|  48|0x0000000089600000, 0x0000000089600000, 0x0000000089700000|  0%| F|  |TAMS 0x0000000089600000, 0x0000000089600000| Untracked 
|  49|0x0000000089700000, 0x0000000089700000, 0x0000000089800000|  0%| F|  |TAMS 0x0000000089700000, 0x0000000089700000| Untracked 
|  50|0x0000000089800000, 0x0000000089800000, 0x0000000089900000|  0%| F|  |TAMS 0x0000000089800000, 0x0000000089800000| Untracked 
|  51|0x0000000089900000, 0x0000000089900000, 0x0000000089a00000|  0%| F|  |TAMS 0x0000000089900000, 0x0000000089900000| Untracked 
|  52|0x0000000089a00000, 0x0000000089a00000, 0x0000000089b00000|  0%| F|  |TAMS 0x0000000089a00000, 0x0000000089a00000| Untracked 
|  53|0x0000000089b00000, 0x0000000089b00000, 0x0000000089c00000|  0%| F|  |TAMS 0x0000000089b00000, 0x0000000089b00000| Untracked 
|  54|0x0000000089c00000, 0x0000000089c00000, 0x0000000089d00000|  0%| F|  |TAMS 0x0000000089c00000, 0x0000000089c00000| Untracked 
|  55|0x0000000089d00000, 0x0000000089d00000, 0x0000000089e00000|  0%| F|  |TAMS 0x0000000089d00000, 0x0000000089d00000| Untracked 
|  56|0x0000000089e00000, 0x0000000089e00000, 0x0000000089f00000|  0%| F|  |TAMS 0x0000000089e00000, 0x0000000089e00000| Untracked 
|  57|0x0000000089f00000, 0x0000000089f00000, 0x000000008a000000|  0%| F|  |TAMS 0x0000000089f00000, 0x0000000089f00000| Untracked 
|  58|0x000000008a000000, 0x000000008a000000, 0x000000008a100000|  0%| F|  |TAMS 0x000000008a000000, 0x000000008a000000| Untracked 
|  59|0x000000008a100000, 0x000000008a100000, 0x000000008a200000|  0%| F|  |TAMS 0x000000008a100000, 0x000000008a100000| Untracked 
|  60|0x000000008a200000, 0x000000008a200000, 0x000000008a300000|  0%| F|  |TAMS 0x000000008a200000, 0x000000008a200000| Untracked 
|  61|0x000000008a300000, 0x000000008a300000, 0x000000008a400000|  0%| F|  |TAMS 0x000000008a300000, 0x000000008a300000| Untracked 
|  62|0x000000008a400000, 0x000000008a400000, 0x000000008a500000|  0%| F|  |TAMS 0x000000008a400000, 0x000000008a400000| Untracked 
|  63|0x000000008a500000, 0x000000008a500000, 0x000000008a600000|  0%| F|  |TAMS 0x000000008a500000, 0x000000008a500000| Untracked 
|  64|0x000000008a600000, 0x000000008a600000, 0x000000008a700000|  0%| F|  |TAMS 0x000000008a600000, 0x000000008a600000| Untracked 
|  65|0x000000008a700000, 0x000000008a700000, 0x000000008a800000|  0%| F|  |TAMS 0x000000008a700000, 0x000000008a700000| Untracked 
|  66|0x000000008a800000, 0x000000008a800000, 0x000000008a900000|  0%| F|  |TAMS 0x000000008a800000, 0x000000008a800000| Untracked 
|  67|0x000000008a900000, 0x000000008a900000, 0x000000008aa00000|  0%| F|  |TAMS 0x000000008a900000, 0x000000008a900000| Untracked 
|  68|0x000000008aa00000, 0x000000008aa00000, 0x000000008ab00000|  0%| F|  |TAMS 0x000000008aa00000, 0x000000008aa00000| Untracked 
|  69|0x000000008ab00000, 0x000000008ab00000, 0x000000008ac00000|  0%| F|  |TAMS 0x000000008ab00000, 0x000000008ab00000| Untracked 
|  70|0x000000008ac00000, 0x000000008ac00000, 0x000000008ad00000|  0%| F|  |TAMS 0x000000008ac00000, 0x000000008ac00000| Untracked 
|  71|0x000000008ad00000, 0x000000008ad00000, 0x000000008ae00000|  0%| F|  |TAMS 0x000000008ad00000, 0x000000008ad00000| Untracked 
|  72|0x000000008ae00000, 0x000000008ae00000, 0x000000008af00000|  0%| F|  |TAMS 0x000000008ae00000, 0x000000008ae00000| Untracked 
|  73|0x000000008af00000, 0x000000008af00000, 0x000000008b000000|  0%| F|  |TAMS 0x000000008af00000, 0x000000008af00000| Untracked 
|  74|0x000000008b000000, 0x000000008b000000, 0x000000008b100000|  0%| F|  |TAMS 0x000000008b000000, 0x000000008b000000| Untracked 
|  75|0x000000008b100000, 0x000000008b100000, 0x000000008b200000|  0%| F|  |TAMS 0x000000008b100000, 0x000000008b100000| Untracked 
|  76|0x000000008b200000, 0x000000008b200000, 0x000000008b300000|  0%| F|  |TAMS 0x000000008b200000, 0x000000008b200000| Untracked 
|  77|0x000000008b300000, 0x000000008b300000, 0x000000008b400000|  0%| F|  |TAMS 0x000000008b300000, 0x000000008b300000| Untracked 
|  78|0x000000008b400000, 0x000000008b400000, 0x000000008b500000|  0%| F|  |TAMS 0x000000008b400000, 0x000000008b400000| Untracked 
|  79|0x000000008b500000, 0x000000008b500000, 0x000000008b600000|  0%| F|  |TAMS 0x000000008b500000, 0x000000008b500000| Untracked 
|  80|0x000000008b600000, 0x000000008b600000, 0x000000008b700000|  0%| F|  |TAMS 0x000000008b600000, 0x000000008b600000| Untracked 
|  81|0x000000008b700000, 0x000000008b700000, 0x000000008b800000|  0%| F|  |TAMS 0x000000008b700000, 0x000000008b700000| Untracked 
|  82|0x000000008b800000, 0x000000008b800000, 0x000000008b900000|  0%| F|  |TAMS 0x000000008b800000, 0x000000008b800000| Untracked 
|  83|0x000000008b900000, 0x000000008b900000, 0x000000008ba00000|  0%| F|  |TAMS 0x000000008b900000, 0x000000008b900000| Untracked 
|  84|0x000000008ba00000, 0x000000008ba00000, 0x000000008bb00000|  0%| F|  |TAMS 0x000000008ba00000, 0x000000008ba00000| Untracked 
|  85|0x000000008bb00000, 0x000000008bb00000, 0x000000008bc00000|  0%| F|  |TAMS 0x000000008bb00000, 0x000000008bb00000| Untracked 
|  86|0x000000008bc00000, 0x000000008bc00000, 0x000000008bd00000|  0%| F|  |TAMS 0x000000008bc00000, 0x000000008bc00000| Untracked 
|  87|0x000000008bd00000, 0x000000008bd00000, 0x000000008be00000|  0%| F|  |TAMS 0x000000008bd00000, 0x000000008bd00000| Untracked 
|  88|0x000000008be00000, 0x000000008be00000, 0x000000008bf00000|  0%| F|  |TAMS 0x000000008be00000, 0x000000008be00000| Untracked 
|  89|0x000000008bf00000, 0x000000008bf00000, 0x000000008c000000|  0%| F|  |TAMS 0x000000008bf00000, 0x000000008bf00000| Untracked 
|  90|0x000000008c000000, 0x000000008c000000, 0x000000008c100000|  0%| F|  |TAMS 0x000000008c000000, 0x000000008c000000| Untracked 
|  91|0x000000008c100000, 0x000000008c100000, 0x000000008c200000|  0%| F|  |TAMS 0x000000008c100000, 0x000000008c100000| Untracked 
|  92|0x000000008c200000, 0x000000008c200000, 0x000000008c300000|  0%| F|  |TAMS 0x000000008c200000, 0x000000008c200000| Untracked 
|  93|0x000000008c300000, 0x000000008c300000, 0x000000008c400000|  0%| F|  |TAMS 0x000000008c300000, 0x000000008c300000| Untracked 
|  94|0x000000008c400000, 0x000000008c400000, 0x000000008c500000|  0%| F|  |TAMS 0x000000008c400000, 0x000000008c400000| Untracked 
|  95|0x000000008c500000, 0x000000008c500000, 0x000000008c600000|  0%| F|  |TAMS 0x000000008c500000, 0x000000008c500000| Untracked 
|  96|0x000000008c600000, 0x000000008c600000, 0x000000008c700000|  0%| F|  |TAMS 0x000000008c600000, 0x000000008c600000| Untracked 
|  97|0x000000008c700000, 0x000000008c700000, 0x000000008c800000|  0%| F|  |TAMS 0x000000008c700000, 0x000000008c700000| Untracked 
|  98|0x000000008c800000, 0x000000008c800000, 0x000000008c900000|  0%| F|  |TAMS 0x000000008c800000, 0x000000008c800000| Untracked 
|  99|0x000000008c900000, 0x000000008c900000, 0x000000008ca00000|  0%| F|  |TAMS 0x000000008c900000, 0x000000008c900000| Untracked 
| 100|0x000000008ca00000, 0x000000008ca00000, 0x000000008cb00000|  0%| F|  |TAMS 0x000000008ca00000, 0x000000008ca00000| Untracked 
| 101|0x000000008cb00000, 0x000000008cb00000, 0x000000008cc00000|  0%| F|  |TAMS 0x000000008cb00000, 0x000000008cb00000| Untracked 
| 102|0x000000008cc00000, 0x000000008cc00000, 0x000000008cd00000|  0%| F|  |TAMS 0x000000008cc00000, 0x000000008cc00000| Untracked 
| 103|0x000000008cd00000, 0x000000008cd00000, 0x000000008ce00000|  0%| F|  |TAMS 0x000000008cd00000, 0x000000008cd00000| Untracked 
| 104|0x000000008ce00000, 0x000000008ce00000, 0x000000008cf00000|  0%| F|  |TAMS 0x000000008ce00000, 0x000000008ce00000| Untracked 
| 105|0x000000008cf00000, 0x000000008cf00000, 0x000000008d000000|  0%| F|  |TAMS 0x000000008cf00000, 0x000000008cf00000| Untracked 
| 106|0x000000008d000000, 0x000000008d000000, 0x000000008d100000|  0%| F|  |TAMS 0x000000008d000000, 0x000000008d000000| Untracked 
| 107|0x000000008d100000, 0x000000008d1ec080, 0x000000008d200000| 92%| E|  |TAMS 0x000000008d100000, 0x000000008d100000| Complete 
| 108|0x000000008d200000, 0x000000008d300000, 0x000000008d300000|100%| E|CS|TAMS 0x000000008d200000, 0x000000008d200000| Complete 
| 109|0x000000008d300000, 0x000000008d400000, 0x000000008d400000|100%| E|CS|TAMS 0x000000008d300000, 0x000000008d300000| Complete 
| 110|0x000000008d400000, 0x000000008d500000, 0x000000008d500000|100%| E|CS|TAMS 0x000000008d400000, 0x000000008d400000| Complete 
| 111|0x000000008d500000, 0x000000008d600000, 0x000000008d600000|100%| E|CS|TAMS 0x000000008d500000, 0x000000008d500000| Complete 
| 112|0x000000008d600000, 0x000000008d700000, 0x000000008d700000|100%| E|CS|TAMS 0x000000008d600000, 0x000000008d600000| Complete 
| 113|0x000000008d700000, 0x000000008d800000, 0x000000008d800000|100%| E|  |TAMS 0x000000008d700000, 0x000000008d700000| Complete 
| 114|0x000000008d800000, 0x000000008d900000, 0x000000008d900000|100%| E|CS|TAMS 0x000000008d800000, 0x000000008d800000| Complete 
| 115|0x000000008d900000, 0x000000008da00000, 0x000000008da00000|100%| E|CS|TAMS 0x000000008d900000, 0x000000008d900000| Complete 
| 116|0x000000008da00000, 0x000000008db00000, 0x000000008db00000|100%| E|CS|TAMS 0x000000008da00000, 0x000000008da00000| Complete 
| 117|0x000000008db00000, 0x000000008dc00000, 0x000000008dc00000|100%| E|CS|TAMS 0x000000008db00000, 0x000000008db00000| Complete 
| 118|0x000000008dc00000, 0x000000008dd00000, 0x000000008dd00000|100%| E|CS|TAMS 0x000000008dc00000, 0x000000008dc00000| Complete 
| 119|0x000000008dd00000, 0x000000008de00000, 0x000000008de00000|100%| E|CS|TAMS 0x000000008dd00000, 0x000000008dd00000| Complete 
| 120|0x000000008de00000, 0x000000008df00000, 0x000000008df00000|100%| E|CS|TAMS 0x000000008de00000, 0x000000008de00000| Complete 
| 121|0x000000008df00000, 0x000000008e000000, 0x000000008e000000|100%| E|CS|TAMS 0x000000008df00000, 0x000000008df00000| Complete 

Card table byte_map: [0x00000286cc420000,0x00000286cc7f0000] _byte_map_base: 0x00000286cbfed000

Marking Bits (Prev, Next): (CMBitMap*) 0x00000286b4e0cee0, (CMBitMap*) 0x00000286b4e0cf20
 Prev Bits: [0x00000286ccbc0000, 0x00000286cea28000)
 Next Bits: [0x00000286cea30000, 0x00000286d0898000)

Polling page: 0x00000286b4580000

Metaspace:

Usage:
  Non-class:      8.01 MB used.
      Class:    916.23 KB used.
       Both:      8.91 MB used.

Virtual space:
  Non-class space:       64.00 MB reserved,       8.06 MB ( 13%) committed,  1 nodes.
      Class space:        1.00 GB reserved,       1.00 MB ( <1%) committed,  1 nodes.
             Both:        1.06 GB reserved,       9.06 MB ( <1%) committed. 

Chunk freelists:
   Non-Class:  3.00 MB
       Class:  3.01 MB
        Both:  6.01 MB

MaxMetaspaceSize: unlimited
CompressedClassSpaceSize: 1.00 GB
Initial GC threshold: 21.00 MB
Current GC threshold: 21.00 MB
CDS: on
MetaspaceReclaimPolicy: balanced
 - commit_granule_bytes: 65536.
 - commit_granule_words: 8192.
 - virtual_space_node_default_size: 8388608.
 - enlarge_chunks_in_place: 1.
 - new_chunks_are_fully_committed: 0.
 - uncommit_free_chunks: 1.
 - use_allocation_guard: 0.


Internal statistics:

num_allocs_failed_limit: 0.
num_arena_births: 152.
num_arena_deaths: 0.
num_vsnodes_births: 2.
num_vsnodes_deaths: 0.
num_space_committed: 146.
num_space_uncommitted: 0.
num_chunks_returned_to_freelist: 0.
num_chunks_taken_from_freelist: 259.
num_chunk_merges: 0.
num_chunk_splits: 178.
num_chunks_enlarged: 129.
num_inconsistent_stats: 0.

CodeHeap 'non-profiled nmethods': size=120000Kb used=305Kb max_used=305Kb free=119694Kb
 bounds [0x00000286c47f0000, 0x00000286c4a60000, 0x00000286cbd20000]
CodeHeap 'profiled nmethods': size=120000Kb used=1767Kb max_used=1767Kb free=118233Kb
 bounds [0x00000286bcd20000, 0x00000286bcf90000, 0x00000286c4250000]
CodeHeap 'non-nmethods': size=5760Kb used=1392Kb max_used=1398Kb free=4367Kb
 bounds [0x00000286c4250000, 0x00000286c44c0000, 0x00000286c47f0000]
 total_blobs=1664 nmethods=1038 adapters=537
 compilation: enabled
              stopped_count=0, restarted_count=0
 full_count=0

Compilation events (20 events):
Event: 0.612 Thread 0x00000286d32fab40 nmethod 998 0x00000286bcecab90 code [0x00000286bcecad80, 0x00000286bcecb278]
Event: 0.612 Thread 0x00000286d32fab40  996       1       java.awt.Component::getParent_NoClientCode (5 bytes)
Event: 0.612 Thread 0x00000286d32fab40 nmethod 996 0x00000286c4837e10 code [0x00000286c4837fa0, 0x00000286c4838058]
Event: 0.612 Thread 0x00000286d32fab40  999       3       sun.awt.AWTAccessor::getComponentAccessor (15 bytes)
Event: 0.613 Thread 0x00000286d32fab40 nmethod 999 0x00000286bcecb410 code [0x00000286bcecb620, 0x00000286bcecba98]
Event: 0.613 Thread 0x00000286d32fab40 1004       3       sun.awt.SunToolkit::isInstanceOf (71 bytes)
Event: 0.613 Thread 0x00000286d32fab40 nmethod 1004 0x00000286bcecbd10 code [0x00000286bcecbf60, 0x00000286bcecc5a8]
Event: 0.613 Thread 0x00000286d32fab40 1000       3       sun.awt.SunToolkit::targetToAppContext (30 bytes)
Event: 0.613 Thread 0x00000286d32fab40 nmethod 1000 0x00000286bcecc890 code [0x00000286bcecca80, 0x00000286bceccf78]
Event: 0.613 Thread 0x00000286d32fab40 1001       3       sun.awt.SunToolkit::getAppContext (42 bytes)
Event: 0.614 Thread 0x00000286d32fab40 nmethod 1001 0x00000286bcecd190 code [0x00000286bcecd480, 0x00000286bcece2e8]
Event: 0.614 Thread 0x00000286d32fab40 1003       3       javax.swing.UIManager::getDefaults (10 bytes)
Event: 0.614 Thread 0x00000286d32fab40 nmethod 1003 0x00000286bcece890 code [0x00000286bcecea40, 0x00000286bceceb78]
Event: 0.614 Thread 0x00000286d32fab40 1002       3       java.awt.Component$1::getAppContext (5 bytes)
Event: 0.614 Thread 0x00000286d32fab40 nmethod 1002 0x00000286bcecec90 code [0x00000286bcecee20, 0x00000286bcecef38]
Event: 0.614 Thread 0x00000286d32fab40 1006       1       java.util.logging.Level::intValue (5 bytes)
Event: 0.615 Thread 0x00000286d32fab40 nmethod 1006 0x00000286c4838810 code [0x00000286c48389a0, 0x00000286c4838a58]
Event: 0.615 Thread 0x00000286d32d2460 nmethod 990 0x00000286c4838b10 code [0x00000286c4838cc0, 0x00000286c4839038]
Event: 0.616 Thread 0x00000286d7b73b90 nmethod 995 0x00000286c4839310 code [0x00000286c48394c0, 0x00000286c4839838]
Event: 0.617 Thread 0x00000286d32fab40 1007   !   3       jdk.internal.loader.URLClassPath$FileLoader::getResource (150 bytes)

GC Heap History (0 events):
No events

Dll operation events (13 events):
Event: 0.008 Loaded shared library C:\Program Files\Java\jdk-19\bin\java.dll
Event: 0.018 Loaded shared library C:\Program Files\Java\jdk-19\bin\jsvml.dll
Event: 0.087 Loaded shared library C:\Program Files\Java\jdk-19\bin\zip.dll
Event: 0.091 Loaded shared library C:\Program Files\Java\jdk-19\bin\instrument.dll
Event: 0.096 Loaded shared library C:\Program Files\Java\jdk-19\bin\net.dll
Event: 0.098 Loaded shared library C:\Program Files\Java\jdk-19\bin\nio.dll
Event: 0.102 Loaded shared library C:\Program Files\Java\jdk-19\bin\zip.dll
Event: 0.130 Loaded shared library C:\Users\troid\AppData\Local\JetBrains\IntelliJ IDEA Community Edition 2023.2.2\bin\breakgen64.dll
Event: 0.144 Loaded shared library C:\Program Files\Java\jdk-19\bin\extnet.dll
Event: 0.160 Loaded shared library C:\Program Files\Java\jdk-19\bin\jimage.dll
Event: 0.183 Loaded shared library C:\Program Files\Java\jdk-19\bin\awt.dll
Event: 0.383 Loaded shared library C:\Program Files\Java\jdk-19\bin\verify.dll
Event: 0.393 Loaded shared library C:\Users\troid\Downloads\hyperic-sigar-1.6.4\hyperic-sigar-1.6.4\sigar-bin\lib\sigar-amd64-winnt.dll

Deoptimization events (20 events):
Event: 0.498 Thread 0x00000286d32c2e70 Uncommon trap: trap_request=0xffffffde fr.pc=0x00000286c482a7cc relative=0x000000000000044c
Event: 0.498 Thread 0x00000286d32c2e70 Uncommon trap: reason=class_check action=maybe_recompile pc=0x00000286c482a7cc method=java.util.regex.Pattern$Start.match(Ljava/util/regex/Matcher;ILjava/lang/CharSequence;)Z @ 44 c2
Event: 0.498 Thread 0x00000286d32c2e70 DEOPT PACKING pc=0x00000286c482a7cc sp=0x000000cd415fe840
Event: 0.498 Thread 0x00000286d32c2e70 DEOPT UNPACKING pc=0x00000286c42ba5a3 sp=0x000000cd415fe7a0 mode 2
Event: 0.519 Thread 0x00000286d32c2e70 Uncommon trap: trap_request=0xffffffde fr.pc=0x00000286c482a7cc relative=0x000000000000044c
Event: 0.519 Thread 0x00000286d32c2e70 Uncommon trap: reason=class_check action=maybe_recompile pc=0x00000286c482a7cc method=java.util.regex.Pattern$Start.match(Ljava/util/regex/Matcher;ILjava/lang/CharSequence;)Z @ 44 c2
Event: 0.519 Thread 0x00000286d32c2e70 DEOPT PACKING pc=0x00000286c482a7cc sp=0x000000cd415fe6e0
Event: 0.519 Thread 0x00000286d32c2e70 DEOPT UNPACKING pc=0x00000286c42ba5a3 sp=0x000000cd415fe640 mode 2
Event: 0.528 Thread 0x00000286d32c2e70 DEOPT PACKING pc=0x00000286bcd6f365 sp=0x000000cd415fdd10
Event: 0.528 Thread 0x00000286d32c2e70 DEOPT UNPACKING pc=0x00000286c42bb0e3 sp=0x000000cd415fd160 mode 0
Event: 0.558 Thread 0x00000286d32c2e70 Uncommon trap: trap_request=0xffffffde fr.pc=0x00000286c482a7cc relative=0x000000000000044c
Event: 0.558 Thread 0x00000286d32c2e70 Uncommon trap: reason=class_check action=maybe_recompile pc=0x00000286c482a7cc method=java.util.regex.Pattern$Start.match(Ljava/util/regex/Matcher;ILjava/lang/CharSequence;)Z @ 44 c2
Event: 0.558 Thread 0x00000286d32c2e70 DEOPT PACKING pc=0x00000286c482a7cc sp=0x000000cd415fe900
Event: 0.558 Thread 0x00000286d32c2e70 DEOPT UNPACKING pc=0x00000286c42ba5a3 sp=0x000000cd415fe860 mode 2
Event: 0.566 Thread 0x00000286d32c2e70 DEOPT PACKING pc=0x00000286bcdea4be sp=0x000000cd415fd480
Event: 0.566 Thread 0x00000286d32c2e70 DEOPT UNPACKING pc=0x00000286c42bb0e3 sp=0x000000cd415fc8f8 mode 0
Event: 0.605 Thread 0x00000286d32c2e70 Uncommon trap: trap_request=0xffffff45 fr.pc=0x00000286c4832a58 relative=0x0000000000000138
Event: 0.605 Thread 0x00000286d32c2e70 Uncommon trap: reason=unstable_if action=reinterpret pc=0x00000286c4832a58 method=java.util.concurrent.locks.ReentrantLock$NonfairSync.initialTryLock()Z @ 10 c2
Event: 0.606 Thread 0x00000286d32c2e70 DEOPT PACKING pc=0x00000286c4832a58 sp=0x000000cd415fdb90
Event: 0.606 Thread 0x00000286d32c2e70 DEOPT UNPACKING pc=0x00000286c42ba5a3 sp=0x000000cd415fdb38 mode 2

Classes loaded (20 events):
Event: 0.615 Loading class javax/swing/ToolTipManager$stillInsideTimerAction
Event: 0.615 Loading class javax/swing/ToolTipManager$stillInsideTimerAction done
Event: 0.615 Loading class javax/swing/ToolTipManager$MoveBeforeEnterListener
Event: 0.615 Loading class java/awt/event/MouseMotionAdapter
Event: 0.615 Loading class java/awt/event/MouseMotionAdapter done
Event: 0.615 Loading class javax/swing/ToolTipManager$MoveBeforeEnterListener done
Event: 0.615 Loading class javax/swing/ToolTipManager$AccessibilityKeyListener
Event: 0.615 Loading class java/awt/event/KeyAdapter
Event: 0.615 Loading class java/awt/event/KeyAdapter done
Event: 0.615 Loading class javax/swing/ToolTipManager$AccessibilityKeyListener done
Event: 0.616 Loading class java/lang/Thread$ThreadNumbering
Event: 0.616 Loading class java/lang/Thread$ThreadNumbering done
Event: 0.618 Loading class sun/awt/windows/WFramePeer
Event: 0.618 Loading class java/awt/peer/FramePeer
Event: 0.618 Loading class java/awt/peer/WindowPeer
Event: 0.618 Loading class java/awt/peer/ContainerPeer
Event: 0.618 Loading class java/awt/peer/ContainerPeer done
Event: 0.618 Loading class java/awt/peer/WindowPeer done
Event: 0.618 Loading class java/awt/peer/FramePeer done
Event: 0.619 Loading class sun/awt/windows/WWindowPeer

Classes unloaded (0 events):
No events

Classes redefined (0 events):
No events

Internal exceptions (17 events):
Event: 0.120 Thread 0x00000286b4dae8d0 Exception <a 'java/lang/NoSuchMethodError'{0x000000008ddb01f0}: 'void java.lang.invoke.DirectMethodHandle$Holder.invokeStatic(java.lang.Object, java.lang.Object, java.lang.Object)'> (0x000000008ddb01f0) 
thrown [s\open\src\hotspot\share\interpreter\linkResolver.cpp, line 774]
Event: 0.126 Thread 0x00000286b4dae8d0 Exception <a 'java/lang/NoSuchMethodError'{0x000000008ddc87e8}: 'java.lang.Object java.lang.invoke.Invokers$Holder.invokeExact_MT(java.lang.Object, java.lang.Object, java.lang.Object, java.lang.Object, java.lang.Object)'> (0x000000008ddc87e8) 
thrown [s\open\src\hotspot\share\interpreter\linkResolver.cpp, line 774]
Event: 0.146 Thread 0x00000286d32c23d0 Exception <a 'java/lang/NoSuchMethodError'{0x000000008ddf3628}: 'void java.lang.invoke.DirectMethodHandle$Holder.invokeStatic(java.lang.Object, java.lang.Object)'> (0x000000008ddf3628) 
thrown [s\open\src\hotspot\share\interpreter\linkResolver.cpp, line 774]
Event: 0.168 Thread 0x00000286b4dae8d0 Exception <a 'java/lang/ClassNotFoundException'{0x000000008dcf9ac8}: sun/awt/resources/spi/awtProvider> (0x000000008dcf9ac8) 
thrown [s\open\src\hotspot\share\classfile\systemDictionary.cpp, line 255]
Event: 0.198 Thread 0x00000286b4dae8d0 Exception <a 'java/io/FileNotFoundException'{0x000000008db4f1e0}> (0x000000008db4f1e0) 
thrown [s\open\src\hotspot\share\prims\jni.cpp, line 517]
Event: 0.207 Thread 0x00000286b4dae8d0 Exception <a 'java/io/FileNotFoundException'{0x000000008db7b830}> (0x000000008db7b830) 
thrown [s\open\src\hotspot\share\prims\jni.cpp, line 517]
Event: 0.261 Thread 0x00000286b4dae8d0 Exception <a 'java/lang/NoSuchMethodError'{0x000000008dbaded0}: 'java.lang.Object java.lang.invoke.DirectMethodHandle$Holder.invokeStaticInit(java.lang.Object)'> (0x000000008dbaded0) 
thrown [s\open\src\hotspot\share\interpreter\linkResolver.cpp, line 774]
Event: 0.320 Thread 0x00000286d32c2e70 Exception <a 'java/lang/NoSuchMethodError'{0x000000008dacccf0}: 'void java.lang.invoke.DirectMethodHandle$Holder.invokeSpecial(java.lang.Object, java.lang.Object, java.lang.Object)'> (0x000000008dacccf0) 
thrown [s\open\src\hotspot\share\interpreter\linkResolver.cpp, line 774]
Event: 0.331 Thread 0x00000286d32c2e70 Exception <a 'java/lang/NoSuchMethodError'{0x000000008d90b758}: 'java.lang.Object java.lang.invoke.DirectMethodHandle$Holder.newInvokeSpecial(java.lang.Object, java.lang.Object, java.lang.Object, java.lang.Object, java.lang.Object)'> (0x000000008d90b758) 
thrown [s\open\src\hotspot\share\interpreter\linkResolver.cpp, line 774]
Event: 0.337 Thread 0x00000286d32c2e70 Exception <a 'java/lang/NoSuchMethodError'{0x000000008d93cc40}: 'java.lang.Object java.lang.invoke.DirectMethodHandle$Holder.invokeStatic(java.lang.Object, int, java.lang.Object)'> (0x000000008d93cc40) 
thrown [s\open\src\hotspot\share\interpreter\linkResolver.cpp, line 774]
Event: 0.362 Thread 0x00000286d32c2e70 Exception <a 'java/lang/ClassNotFoundException'{0x000000008d9f88c8}: com/sun/swing/internal/plaf/metal/resources/spi/metalProvider> (0x000000008d9f88c8) 
thrown [s\open\src\hotspot\share\classfile\systemDictionary.cpp, line 255]
Event: 0.364 Thread 0x00000286d32c2e70 Exception <a 'java/lang/ClassNotFoundException'{0x000000008d9fc7f8}: com/sun/swing/internal/plaf/basic/resources/spi/basicProvider> (0x000000008d9fc7f8) 
thrown [s\open\src\hotspot\share\classfile\systemDictionary.cpp, line 255]
Event: 0.377 Thread 0x00000286d32c2e70 Exception <a 'java/lang/NoSuchMethodError'{0x000000008d819530}: 'int java.lang.invoke.Invokers$Holder.invokeExact_MT(java.lang.Object, java.lang.Object)'> (0x000000008d819530) 
thrown [s\open\src\hotspot\share\interpreter\linkResolver.cpp, line 774]
Event: 0.506 Thread 0x00000286d32c2e70 Exception <a 'java/lang/NoSuchMethodError'{0x000000008d4662d8}: 'java.lang.Object java.lang.invoke.DirectMethodHandle$Holder.invokeInterface(java.lang.Object, java.lang.Object)'> (0x000000008d4662d8) 
thrown [s\open\src\hotspot\share\interpreter\linkResolver.cpp, line 774]
Event: 0.591 Thread 0x00000286d32c2e70 Exception <a 'java/lang/NoSuchMethodError'{0x000000008d2a3178}: 'int java.lang.invoke.DirectMethodHandle$Holder.invokeSpecial(java.lang.Object, java.lang.Object, java.lang.Object, int)'> (0x000000008d2a3178) 
thrown [s\open\src\hotspot\share\interpreter\linkResolver.cpp, line 774]
Event: 0.592 Thread 0x00000286d32c2e70 Exception <a 'java/lang/NoSuchMethodError'{0x000000008d2b5768}: 'java.lang.Object java.lang.invoke.DirectMethodHandle$Holder.invokeStatic(java.lang.Object, java.lang.Object, java.lang.Object, java.lang.Object, int)'> (0x000000008d2b5768) 
thrown [s\open\src\hotspot\share\interpreter\linkResolver.cpp, line 774]
Event: 0.593 Thread 0x00000286d32c2e70 Exception <a 'java/lang/NoSuchMethodError'{0x000000008d2bd850}: 'int java.lang.invoke.DirectMethodHandle$Holder.invokeSpecial(java.lang.Object, java.lang.Object, java.lang.Object)'> (0x000000008d2bd850) 
thrown [s\open\src\hotspot\share\interpreter\linkResolver.cpp, line 774]

VM Operations (12 events):
Event: 0.071 Executing VM operation: HandshakeAllThreads
Event: 0.071 Executing VM operation: HandshakeAllThreads done
Event: 0.134 Executing VM operation: HandshakeAllThreads
Event: 0.134 Executing VM operation: HandshakeAllThreads done
Event: 0.221 Executing VM operation: HandshakeAllThreads
Event: 0.221 Executing VM operation: HandshakeAllThreads done
Event: 0.383 Executing VM operation: HandshakeAllThreads
Event: 0.383 Executing VM operation: HandshakeAllThreads done
Event: 0.433 Executing VM operation: HandshakeAllThreads
Event: 0.433 Executing VM operation: HandshakeAllThreads done
Event: 0.510 Executing VM operation: HandshakeAllThreads
Event: 0.510 Executing VM operation: HandshakeAllThreads done

Events (20 events):
Event: 0.032 Thread 0x00000286d32b7ff0 Thread added: 0x00000286d32b7ff0
Event: 0.032 Thread 0x00000286d32ba1a0 Thread added: 0x00000286d32ba1a0
Event: 0.032 Thread 0x00000286d32bd450 Thread added: 0x00000286d32bd450
Event: 0.032 Thread 0x00000286d32be370 Thread added: 0x00000286d32be370
Event: 0.032 Thread 0x00000286d32c0940 Thread added: 0x00000286d32c0940
Event: 0.033 Thread 0x00000286d32c33c0 Thread added: 0x00000286d32c33c0
Event: 0.033 Thread 0x00000286d32d2460 Thread added: 0x00000286d32d2460
Event: 0.033 Thread 0x00000286d32fab40 Thread added: 0x00000286d32fab40
Event: 0.033 Thread 0x00000286d32c3e60 Thread added: 0x00000286d32c3e60
Event: 0.060 Thread 0x00000286d32c3910 Thread added: 0x00000286d32c3910
Event: 0.131 Thread 0x00000286d32c23d0 Thread added: 0x00000286d32c23d0
Event: 0.131 Thread 0x00000286d32c0e90 Thread added: 0x00000286d32c0e90
Event: 0.262 Thread 0x00000286d32c1930 Thread added: 0x00000286d32c1930
Event: 0.264 Thread 0x00000286d32c1e80 Thread added: 0x00000286d32c1e80
Event: 0.265 Thread 0x00000286d32c2920 Thread added: 0x00000286d32c2920
Event: 0.279 Thread 0x00000286d32c2e70 Thread added: 0x00000286d32c2e70
Event: 0.280 Thread 0x00000286b4dae8d0 Thread exited: 0x00000286b4dae8d0
Event: 0.280 Thread 0x00000286d32c13e0 Thread added: 0x00000286d32c13e0
Event: 0.547 Thread 0x00000286d7b73b90 Thread added: 0x00000286d7b73b90
Event: 0.617 Thread 0x00000286d7d5bf80 Thread added: 0x00000286d7d5bf80


Dynamic libraries:
0x00007ff627700000 - 0x00007ff627710000 	C:\Program Files\Java\jdk-19\bin\java.exe
0x00007ff9cb010000 - 0x00007ff9cb208000 	C:\WINDOWS\SYSTEM32\ntdll.dll
0x00007ff9c9950000 - 0x00007ff9c9a0d000 	C:\WINDOWS\System32\KERNEL32.DLL
0x00007ff9c8d70000 - 0x00007ff9c9066000 	C:\WINDOWS\System32\KERNELBASE.dll
0x00007ff9c8790000 - 0x00007ff9c8890000 	C:\WINDOWS\System32\ucrtbase.dll
0x00007ff9c3be0000 - 0x00007ff9c3bf8000 	C:\Program Files\Java\jdk-19\bin\jli.dll
0x00007ff9bd7c0000 - 0x00007ff9bd7db000 	C:\Program Files\Java\jdk-19\bin\VCRUNTIME140.dll
0x00007ff9c90a0000 - 0x00007ff9c914f000 	C:\WINDOWS\System32\ADVAPI32.dll
0x00007ff9cae40000 - 0x00007ff9caede000 	C:\WINDOWS\System32\msvcrt.dll
0x00007ff9c9a10000 - 0x00007ff9c9aac000 	C:\WINDOWS\System32\sechost.dll
0x00007ff9ca5f0000 - 0x00007ff9ca716000 	C:\WINDOWS\System32\RPCRT4.dll
0x00007ff9ca720000 - 0x00007ff9ca8be000 	C:\WINDOWS\System32\USER32.dll
0x00007ff9c8b60000 - 0x00007ff9c8b82000 	C:\WINDOWS\System32\win32u.dll
0x00007ff9b21d0000 - 0x00007ff9b246a000 	C:\WINDOWS\WinSxS\amd64_microsoft.windows.common-controls_6595b64144ccf1df_6.0.19041.3636_none_60b6a03d71f818d5\COMCTL32.dll
0x00007ff9c95c0000 - 0x00007ff9c95ec000 	C:\WINDOWS\System32\GDI32.dll
0x00007ff9c8b90000 - 0x00007ff9c8caa000 	C:\WINDOWS\System32\gdi32full.dll
0x00007ff9c86f0000 - 0x00007ff9c878d000 	C:\WINDOWS\System32\msvcp_win.dll
0x00007ff9c0f40000 - 0x00007ff9c0f4a000 	C:\WINDOWS\SYSTEM32\VERSION.dll
0x00007ff9c9070000 - 0x00007ff9c90a0000 	C:\WINDOWS\System32\IMM32.DLL
0x00007ff9c3c30000 - 0x00007ff9c3c3c000 	C:\Program Files\Java\jdk-19\bin\vcruntime140_1.dll
0x00007ff9b0c10000 - 0x00007ff9b0c9e000 	C:\Program Files\Java\jdk-19\bin\msvcp140.dll
0x00007ff98c260000 - 0x00007ff98cf20000 	C:\Program Files\Java\jdk-19\bin\server\jvm.dll
0x00007ff979460000 - 0x00007ff979469000 	C:\WINDOWS\SYSTEM32\WSOCK32.dll
0x00007ff9b5340000 - 0x00007ff9b5367000 	C:\WINDOWS\SYSTEM32\WINMM.dll
0x00007ff9ca8e0000 - 0x00007ff9ca94b000 	C:\WINDOWS\System32\WS2_32.dll
0x00007ff9c71e0000 - 0x00007ff9c71f2000 	C:\WINDOWS\SYSTEM32\kernel.appcore.dll
0x00007ff9c2660000 - 0x00007ff9c266a000 	C:\Program Files\Java\jdk-19\bin\jimage.dll
0x00007ff9c64a0000 - 0x00007ff9c6684000 	C:\WINDOWS\SYSTEM32\DBGHELP.DLL
0x00007ff9b5d30000 - 0x00007ff9b5d64000 	C:\WINDOWS\SYSTEM32\dbgcore.DLL
0x00007ff9c8cb0000 - 0x00007ff9c8d32000 	C:\WINDOWS\System32\bcryptPrimitives.dll
0x00007ff9c2640000 - 0x00007ff9c264e000 	C:\Program Files\Java\jdk-19\bin\instrument.dll
0x00007ff9bd710000 - 0x00007ff9bd736000 	C:\Program Files\Java\jdk-19\bin\java.dll
0x00007ff9b0b30000 - 0x00007ff9b0c07000 	C:\Program Files\Java\jdk-19\bin\jsvml.dll
0x00007ff9c9be0000 - 0x00007ff9ca324000 	C:\WINDOWS\System32\SHELL32.dll
0x00007ff9c6690000 - 0x00007ff9c6e2b000 	C:\WINDOWS\SYSTEM32\windows.storage.dll
0x00007ff9c95f0000 - 0x00007ff9c9944000 	C:\WINDOWS\System32\combase.dll
0x00007ff9c8060000 - 0x00007ff9c808d000 	C:\WINDOWS\SYSTEM32\Wldp.dll
0x00007ff9c9150000 - 0x00007ff9c91fd000 	C:\WINDOWS\System32\SHCORE.dll
0x00007ff9c9550000 - 0x00007ff9c95a5000 	C:\WINDOWS\System32\shlwapi.dll
0x00007ff9c8620000 - 0x00007ff9c8645000 	C:\WINDOWS\SYSTEM32\profapi.dll
0x00007ff9bd0d0000 - 0x00007ff9bd0e8000 	C:\Program Files\Java\jdk-19\bin\zip.dll
0x00007ff9bd480000 - 0x00007ff9bd493000 	C:\Program Files\Java\jdk-19\bin\net.dll
0x00007ff9c2d00000 - 0x00007ff9c2e0a000 	C:\WINDOWS\SYSTEM32\WINHTTP.dll
0x00007ff9c7dc0000 - 0x00007ff9c7e2a000 	C:\WINDOWS\system32\mswsock.dll
0x00007ff9bd230000 - 0x00007ff9bd246000 	C:\Program Files\Java\jdk-19\bin\nio.dll
0x00007ff9b6c40000 - 0x00007ff9b6c5a000 	C:\Users\troid\AppData\Local\JetBrains\IntelliJ IDEA Community Edition 2023.2.2\bin\breakgen64.dll
0x00007ff9bd700000 - 0x00007ff9bd708000 	C:\Program Files\Java\jdk-19\bin\extnet.dll
0x00007ff996290000 - 0x00007ff996421000 	C:\Program Files\Java\jdk-19\bin\awt.dll
0x00007ff9c9420000 - 0x00007ff9c94ed000 	C:\WINDOWS\System32\OLEAUT32.dll
0x00007ff9c5860000 - 0x00007ff9c58f0000 	C:\WINDOWS\SYSTEM32\apphelp.dll
0x00007ff9c5a00000 - 0x00007ff9c5a9e000 	C:\WINDOWS\system32\uxtheme.dll
0x00007ff9ca3f0000 - 0x00007ff9ca504000 	C:\WINDOWS\System32\MSCTF.dll
0x00007ff9c9ab0000 - 0x00007ff9c9bdb000 	C:\WINDOWS\System32\ole32.dll
0x00007ff9c6040000 - 0x00007ff9c606f000 	C:\WINDOWS\system32\DWMAPI.DLL
0x00007ff9aaa90000 - 0x00007ff9aabb5000 	C:\WINDOWS\system32\opengl32.dll
0x00007ff9ab6e0000 - 0x00007ff9ab70c000 	C:\WINDOWS\SYSTEM32\GLU32.dll
0x00007ff9bd680000 - 0x00007ff9bd690000 	C:\Program Files\Java\jdk-19\bin\verify.dll
0x0000000010000000 - 0x0000000010070000 	C:\Users\troid\Downloads\hyperic-sigar-1.6.4\hyperic-sigar-1.6.4\sigar-bin\lib\sigar-amd64-winnt.dll
0x00007ff9b6f50000 - 0x00007ff9b6f99000 	C:\WINDOWS\SYSTEM32\pdh.dll
0x00007ff9b6c00000 - 0x00007ff9b6c19000 	C:\WINDOWS\SYSTEM32\NETAPI32.dll
0x00007ff9c7bc0000 - 0x00007ff9c7bcc000 	C:\WINDOWS\SYSTEM32\NETUTILS.DLL
0x00007ff9b7820000 - 0x00007ff9b7848000 	C:\WINDOWS\SYSTEM32\SRVCLI.DLL
0x00007ff9aef00000 - 0x00007ff9aef86000 	C:\Program Files\Java\jdk-19\bin\freetype.dll
0x00007ff9a64c0000 - 0x00007ff9a6586000 	C:\Program Files\Java\jdk-19\bin\fontmanager.dll

dbghelp: loaded successfully - version: 4.0.5 - missing functions: none
symbol engine: initialized successfully - sym options: 0x614 - pdb path: .;C:\Program Files\Java\jdk-19\bin;C:\WINDOWS\SYSTEM32;C:\WINDOWS\WinSxS\amd64_microsoft.windows.common-controls_6595b64144ccf1df_6.0.19041.3636_none_60b6a03d71f818d5;C:\Program Files\Java\jdk-19\bin\server;C:\Users\troid\AppData\Local\JetBrains\IntelliJ IDEA Community Edition 2023.2.2\bin;C:\Users\troid\Downloads\hyperic-sigar-1.6.4\hyperic-sigar-1.6.4\sigar-bin\lib

VM Arguments:
jvm_args: -javaagent:C:\Users\troid\AppData\Local\JetBrains\IntelliJ IDEA Community Edition 2023.2.2\lib\idea_rt.jar=62030:C:\Users\troid\AppData\Local\JetBrains\IntelliJ IDEA Community Edition 2023.2.2\bin -Dfile.encoding=UTF-8 -Dsun.stdout.encoding=UTF-8 -Dsun.stderr.encoding=UTF-8 
java_command: SystemResourceMonitor
java_class_path (initial): C:\Users\troid\Documents\uDemy_Coding\resourceMonitor\out\production\resourceMonitor;C:\Users\troid\Downloads\jfreechart-1.0.19\jfreechart-1.0.19\jfreechart-1.0.19-demo.jar;C:\Users\troid\Downloads\jfreechart-1.0.19\jfreechart-1.0.19\lib\hamcrest-core-1.3.jar;C:\Users\troid\Downloads\jfreechart-1.0.19\jfreechart-1.0.19\lib\jcommon-1.0.23.jar;C:\Users\troid\Downloads\jfreechart-1.0.19\jfreechart-1.0.19\lib\jfreechart-1.0.19-experimental.jar;C:\Users\troid\Downloads\jfreechart-1.0.19\jfreechart-1.0.19\lib\servlet.jar;C:\Users\troid\Downloads\jfreechart-1.0.19\jfreechart-1.0.19\lib\jfreechart-1.0.19.jar;C:\Users\troid\Downloads\jfreechart-1.0.19\jfreechart-1.0.19\lib\orsoncharts-1.4-eval-nofx.jar;C:\Users\troid\Downloads\jfreechart-1.0.19\jfreechart-1.0.19\lib\jfreechart-1.0.19-swt.jar;C:\Users\troid\Downloads\jfreechart-1.0.19\jfreechart-1.0.19\lib\swtgraphics2d.jar;C:\Users\troid\Downloads\jfreechart-1.0.19\jfreechart-1.0.19\lib\jfreesvg-2.0.jar;C:\Users\troid\Downloads\jfreechart-1.0.19\jfreechart-1.0.19\lib\junit-4.11.jar;C:\Users\troid\Downloads\jfreechart-1.0.19\jfreechart-1.0.19\lib\orsonpdf-1.6-eval.jar;C:\Users\troid\Downloads\hyperic-sigar-1.6.4\hyperic-sigar-1.6.4\sigar-bin\lib\sigar.jar;C:\Users\troid\Downloads\hyperic-sigar-1.6.4\hyperic-sigar-1.6.4\sigar-bin\lib\log4j.jar
Launcher Type: SUN_STANDARD

[Global flags]
     intx CICompilerCount                          = 4                                         {product} {ergonomic}
     uint ConcGCThreads                            = 2                                         {product} {ergonomic}
     uint G1ConcRefinementThreads                  = 8                                         {product} {ergonomic}
   size_t G1HeapRegionSize                         = 1048576                                   {product} {ergonomic}
    uintx GCDrainStackTargetSize                   = 64                                        {product} {ergonomic}
   size_t InitialHeapSize                          = 127926272                                 {product} {ergonomic}
   size_t MarkStackSize                            = 4194304                                   {product} {ergonomic}
   size_t MaxHeapSize                              = 2040528896                                {product} {ergonomic}
   size_t MaxNewSize                               = 1223688192                                {product} {ergonomic}
   size_t MinHeapDeltaBytes                        = 1048576                                   {product} {ergonomic}
   size_t MinHeapSize                              = 8388608                                   {product} {ergonomic}
    uintx NonNMethodCodeHeapSize                   = 5839372                                {pd product} {ergonomic}
    uintx NonProfiledCodeHeapSize                  = 122909434                              {pd product} {ergonomic}
    uintx ProfiledCodeHeapSize                     = 122909434                              {pd product} {ergonomic}
    uintx ReservedCodeCacheSize                    = 251658240                              {pd product} {ergonomic}
     bool SegmentedCodeCache                       = true                                      {product} {ergonomic}
   size_t SoftMaxHeapSize                          = 2040528896                             {manageable} {ergonomic}
     bool UseCompressedClassPointers               = true                           {product lp64_product} {ergonomic}
     bool UseCompressedOops                        = true                           {product lp64_product} {ergonomic}
     bool UseG1GC                                  = true                                      {product} {ergonomic}
     bool UseLargePagesIndividualAllocation        = false                                  {pd product} {ergonomic}

Logging:
Log output configuration:
 #0: stdout all=warning uptime,level,tags foldmultilines=false
 #1: stderr all=off uptime,level,tags foldmultilines=false

Environment Variables:
JAVA_HOME=C:\Program Files\Java\jdk-19
PATH=C:\Program Files\Common Files\Oracle\Java\javapath;C:\WINDOWS\system32;C:\WINDOWS;C:\WINDOWS\System32\Wbem;C:\WINDOWS\System32\WindowsPowerShell\v1.0\;C:\WINDOWS\System32\OpenSSH\;C:\Program Files\Wolfram Research\WolframScript\;C:\Program Files\PuTTY\;C:\WINDOWS\System32\OpenSSH\;C:\MinGW\bin;C:\Program Files\Git\cmd;C:\Program Files\Git\bin;C:\src\flutter\bin;C:\sqlite;C:\Program Files\Mullvad VPN\resources;C:\Users\troid\AppData\Local\Android\Sdk\platform-tools;C:\Gradle\gradle-8.2.1\bin;C:\Program Files\MATLAB\R2023a\bin;C:\Users\troid\AppData\Local\Microsoft\WindowsApps;C:\Users\troid\AppData\Local\GitHubDesktop\bin;C:\src\flutter;C:\Windows\System32;"C:\Program Files\Git\bin\git.exe;C:\Program Files\Git\cmd;C:\Windows\System32";C:\Program Files\Git\cmd;C:\Program Files\Git\bin;C:\Users\troid\AppData\Local\Android\Sdk\platform-tools;;C:\Program Files\JetBrains\IntelliJ IDEA 2023.2.2\bin;;C:\Users\troid\AppData\Local\JetBrains\IntelliJ IDEA Community Edition 2023.2.2\bin;
USERNAME=Zaid
OS=Windows_NT
PROCESSOR_IDENTIFIER=Intel64 Family 6 Model 126 Stepping 5, GenuineIntel
TMP=C:\Users\troid\AppData\Local\Temp
TEMP=C:\Users\troid\AppData\Local\Temp



---------------  S Y S T E M  ---------------

OS:
 Windows 10 , 64 bit Build 19041 (10.0.19041.3636)
OS uptime: 4 days 6:04 hours

CPU: total 8 (initial active 8) (4 cores per cpu, 2 threads per core) family 6 model 126 stepping 5 microcode 0xb0, cx8, cmov, fxsr, ht, mmx, 3dnowpref, sse, sse2, sse3, ssse3, sse4.1, sse4.2, popcnt, lzcnt, tsc, tscinvbit, avx, avx2, aes, erms, clmul, bmi1, bmi2, adx, avx512f, avx512dq, avx512cd, avx512bw, avx512vl, sha, fma, vzeroupper, avx512_vpopcntdq, avx512_vpclmulqdq, avx512_vaes, avx512_vnni, clflush, clflushopt, avx512_vbmi2, avx512_vbmi, rdtscp, rdpid, fsrm, gfni, avx512_bitalg

Memory: 4k page, system-wide physical 7778M (522M free)
TotalPageFile size 17555M (AvailPageFile size 2694M)
current process WorkingSet (physical memory assigned to process): 71M, peak: 71M
current process commit charge ("private bytes"): 224M, peak: 224M

vm_info: Java HotSpot(TM) 64-Bit Server VM (19.0.2+7-44) for windows-amd64 JRE (19.0.2+7-44), built on 2022-11-30T18:02:09Z by "mach5one" with MS VC++ 17.1 (VS2022)

END.
